[0.007s] Invoking command in '/home/suvi/zbot_ws/build/zbot_description': CMAKE_PREFIX_PATH=${CMAKE_PREFIX_PATH}:/opt/ros/humble /usr/bin/cmake --build /home/suvi/zbot_ws/build/zbot_description -- -j12 -l12
[0.042s] Invoked command in '/home/suvi/zbot_ws/build/zbot_description' returned '0': CMAKE_PREFIX_PATH=${CMAKE_PREFIX_PATH}:/opt/ros/humble /usr/bin/cmake --build /home/suvi/zbot_ws/build/zbot_description -- -j12 -l12
[0.044s] Invoking command in '/home/suvi/zbot_ws/build/zbot_description': CMAKE_PREFIX_PATH=${CMAKE_PREFIX_PATH}:/opt/ros/humble /usr/bin/cmake --install /home/suvi/zbot_ws/build/zbot_description
[0.048s] -- Install configuration: ""
[0.049s] -- Up-to-date: /home/suvi/zbot_ws/install/zbot_description/share/zbot_description/urdf
[0.049s] -- Up-to-date: /home/suvi/zbot_ws/install/zbot_description/share/zbot_description/urdf/zbot_base.urdf.xacro
[0.049s] -- Up-to-date: /home/suvi/zbot_ws/install/zbot_description/share/zbot_description/urdf/zbot.urdf.xacro
[0.049s] -- Installing: /home/suvi/zbot_ws/install/zbot_description/share/zbot_description/urdf/zbot_arms_torso.xacro
[0.049s] -- Up-to-date: /home/suvi/zbot_ws/install/zbot_description/share/zbot_description/urdf/zbot_arms_torso (copy).xacro
[0.049s] -- Up-to-date: /home/suvi/zbot_ws/install/zbot_description/share/zbot_description/meshes
[0.049s] -- Up-to-date: /home/suvi/zbot_ws/install/zbot_description/share/zbot_description/meshes/LSR_link.STL
[0.049s] -- Up-to-date: /home/suvi/zbot_ws/install/zbot_description/share/zbot_description/meshes/wheel1_Link.STL
[0.049s] -- Up-to-date: /home/suvi/zbot_ws/install/zbot_description/share/zbot_description/meshes/RWP_link.STL
[0.049s] -- Up-to-date: /home/suvi/zbot_ws/install/zbot_description/share/zbot_description/meshes/LSP_link.STL
[0.049s] -- Up-to-date: /home/suvi/zbot_ws/install/zbot_description/share/zbot_description/meshes/RSP_link.STL
[0.049s] -- Up-to-date: /home/suvi/zbot_ws/install/zbot_description/share/zbot_description/meshes/RGRF_link.STL
[0.049s] -- Up-to-date: /home/suvi/zbot_ws/install/zbot_description/share/zbot_description/meshes/RWR_link.STL
[0.049s] -- Up-to-date: /home/suvi/zbot_ws/install/zbot_description/share/zbot_description/meshes/wheel2_Link.STL
[0.049s] -- Up-to-date: /home/suvi/zbot_ws/install/zbot_description/share/zbot_description/meshes/holder2_Link.STL
[0.049s] -- Up-to-date: /home/suvi/zbot_ws/install/zbot_description/share/zbot_description/meshes/holder4_Link.STL
[0.049s] -- Up-to-date: /home/suvi/zbot_ws/install/zbot_description/share/zbot_description/meshes/RSY_link.STL
[0.049s] -- Up-to-date: /home/suvi/zbot_ws/install/zbot_description/share/zbot_description/meshes/wheel4_Link.STL
[0.049s] -- Up-to-date: /home/suvi/zbot_ws/install/zbot_description/share/zbot_description/meshes/REP_link.STL
[0.049s] -- Up-to-date: /home/suvi/zbot_ws/install/zbot_description/share/zbot_description/meshes/LEP_link.STL
[0.049s] -- Up-to-date: /home/suvi/zbot_ws/install/zbot_description/share/zbot_description/meshes/T2LS_link.STL
[0.049s] -- Up-to-date: /home/suvi/zbot_ws/install/zbot_description/share/zbot_description/meshes/LGRF_link.STL
[0.049s] -- Up-to-date: /home/suvi/zbot_ws/install/zbot_description/share/zbot_description/meshes/LWP_link.STL
[0.049s] -- Up-to-date: /home/suvi/zbot_ws/install/zbot_description/share/zbot_description/meshes/holder1_Link.STL
[0.049s] -- Up-to-date: /home/suvi/zbot_ws/install/zbot_description/share/zbot_description/meshes/LWY_link.STL
[0.049s] -- Up-to-date: /home/suvi/zbot_ws/install/zbot_description/share/zbot_description/meshes/RSR_link.STL
[0.049s] -- Up-to-date: /home/suvi/zbot_ws/install/zbot_description/share/zbot_description/meshes/T2RS_link.STL
[0.049s] -- Up-to-date: /home/suvi/zbot_ws/install/zbot_description/share/zbot_description/meshes/Left_wheel_link.STL
[0.049s] -- Up-to-date: /home/suvi/zbot_ws/install/zbot_description/share/zbot_description/meshes/RGLF_link.STL
[0.050s] -- Up-to-date: /home/suvi/zbot_ws/install/zbot_description/share/zbot_description/meshes/holder3_Link.STL
[0.050s] -- Up-to-date: /home/suvi/zbot_ws/install/zbot_description/share/zbot_description/meshes/LGLF_link.STL
[0.050s] -- Up-to-date: /home/suvi/zbot_ws/install/zbot_description/share/zbot_description/meshes/torso_link.STL
[0.050s] -- Up-to-date: /home/suvi/zbot_ws/install/zbot_description/share/zbot_description/meshes/LSY_link.STL
[0.050s] -- Up-to-date: /home/suvi/zbot_ws/install/zbot_description/share/zbot_description/meshes/chassis_link.STL
[0.050s] -- Up-to-date: /home/suvi/zbot_ws/install/zbot_description/share/zbot_description/meshes/Right_wheel_link.STL
[0.050s] -- Up-to-date: /home/suvi/zbot_ws/install/zbot_description/share/zbot_description/meshes/RWY_link.STL
[0.050s] -- Up-to-date: /home/suvi/zbot_ws/install/zbot_description/share/zbot_description/meshes/wheel3_Link.STL
[0.050s] -- Up-to-date: /home/suvi/zbot_ws/install/zbot_description/share/zbot_description/meshes/LWR_link.STL
[0.050s] -- Up-to-date: /home/suvi/zbot_ws/install/zbot_description/share/zbot_description/launch
[0.050s] -- Up-to-date: /home/suvi/zbot_ws/install/zbot_description/share/zbot_description/launch/gazebo.launch.py
[0.050s] -- Up-to-date: /home/suvi/zbot_ws/install/zbot_description/share/zbot_description/rviz
[0.050s] -- Up-to-date: /home/suvi/zbot_ws/install/zbot_description/share/zbot_description/rviz/zbot.rviz
[0.050s] -- Up-to-date: /home/suvi/zbot_ws/install/zbot_description/share/zbot_description/worlds
[0.050s] -- Up-to-date: /home/suvi/zbot_ws/install/zbot_description/share/zbot_description/worlds/Empty.world
[0.050s] -- Up-to-date: /home/suvi/zbot_ws/install/zbot_description/share/ament_index/resource_index/package_run_dependencies/zbot_description
[0.050s] -- Up-to-date: /home/suvi/zbot_ws/install/zbot_description/share/ament_index/resource_index/parent_prefix_path/zbot_description
[0.050s] -- Up-to-date: /home/suvi/zbot_ws/install/zbot_description/share/zbot_description/environment/ament_prefix_path.sh
[0.050s] -- Up-to-date: /home/suvi/zbot_ws/install/zbot_description/share/zbot_description/environment/ament_prefix_path.dsv
[0.050s] -- Up-to-date: /home/suvi/zbot_ws/install/zbot_description/share/zbot_description/environment/path.sh
[0.050s] -- Up-to-date: /home/suvi/zbot_ws/install/zbot_description/share/zbot_description/environment/path.dsv
[0.050s] -- Up-to-date: /home/suvi/zbot_ws/install/zbot_description/share/zbot_description/local_setup.bash
[0.050s] -- Up-to-date: /home/suvi/zbot_ws/install/zbot_description/share/zbot_description/local_setup.sh
[0.050s] -- Up-to-date: /home/suvi/zbot_ws/install/zbot_description/share/zbot_description/local_setup.zsh
[0.050s] -- Up-to-date: /home/suvi/zbot_ws/install/zbot_description/share/zbot_description/local_setup.dsv
[0.050s] -- Installing: /home/suvi/zbot_ws/install/zbot_description/share/zbot_description/package.dsv
[0.050s] -- Up-to-date: /home/suvi/zbot_ws/install/zbot_description/share/ament_index/resource_index/packages/zbot_description
[0.050s] -- Up-to-date: /home/suvi/zbot_ws/install/zbot_description/share/zbot_description/cmake/zbot_descriptionConfig.cmake
[0.050s] -- Up-to-date: /home/suvi/zbot_ws/install/zbot_description/share/zbot_description/cmake/zbot_descriptionConfig-version.cmake
[0.050s] -- Up-to-date: /home/suvi/zbot_ws/install/zbot_description/share/zbot_description/package.xml
[0.059s] Invoked command in '/home/suvi/zbot_ws/build/zbot_description' returned '0': CMAKE_PREFIX_PATH=${CMAKE_PREFIX_PATH}:/opt/ros/humble /usr/bin/cmake --install /home/suvi/zbot_ws/build/zbot_description
