[0.008s] Invoking command in '/home/suvi/zbot_ws/build/zbot_control': CMAKE_PREFIX_PATH=/opt/ros/humble /usr/bin/cmake /home/suvi/zbot_ws/src/zbot_control -DCMAKE_INSTALL_PREFIX=/home/suvi/zbot_ws/install/zbot_control
[0.162s] -- The C compiler identification is GNU 11.4.0
[0.227s] -- The CXX compiler identification is GNU 11.4.0
[0.234s] -- Detecting C compiler ABI info
[0.285s] -- Detecting C compiler ABI info - done
[0.292s] -- Check for working C compiler: /usr/bin/cc - skipped
[0.293s] -- Detecting C compile features
[0.293s] -- Detecting C compile features - done
[0.296s] -- Detecting CXX compiler ABI info
[0.354s] -- Detecting CXX compiler ABI info - done
[0.358s] -- Check for working CXX compiler: /usr/bin/c++ - skipped
[0.358s] -- Detecting CXX compile features
[0.359s] -- Detecting CXX compile features - done
[0.362s] -- Found ament_cmake: 1.3.12 (/opt/ros/humble/share/ament_cmake/cmake)
[0.771s] -- Found Python3: /usr/bin/python3 (found version "3.10.12") found components: Interpreter 
[0.892s] -- Found ament_lint_auto: 0.12.14 (/opt/ros/humble/share/ament_lint_auto/cmake)
[0.962s] -- Added test 'flake8' to check Python code syntax and style conventions
[0.962s] -- Added test 'lint_cmake' to check CMake code style
[0.962s] -- Added test 'pep257' to check Python code against some of the docstring style conventions in PEP 257
[0.963s] -- Added test 'xmllint' to check XML markup files
[0.964s] -- Configuring done
[0.965s] -- Generating done
[0.966s] -- Build files have been written to: /home/suvi/zbot_ws/build/zbot_control
[0.969s] Invoked command in '/home/suvi/zbot_ws/build/zbot_control' returned '0': CMAKE_PREFIX_PATH=/opt/ros/humble /usr/bin/cmake /home/suvi/zbot_ws/src/zbot_control -DCMAKE_INSTALL_PREFIX=/home/suvi/zbot_ws/install/zbot_control
[0.971s] Invoking command in '/home/suvi/zbot_ws/build/zbot_control': CMAKE_PREFIX_PATH=/opt/ros/humble /usr/bin/cmake --build /home/suvi/zbot_ws/build/zbot_control -- -j12 -l12
[0.999s] Invoked command in '/home/suvi/zbot_ws/build/zbot_control' returned '0': CMAKE_PREFIX_PATH=/opt/ros/humble /usr/bin/cmake --build /home/suvi/zbot_ws/build/zbot_control -- -j12 -l12
[1.008s] Invoking command in '/home/suvi/zbot_ws/build/zbot_control': CMAKE_PREFIX_PATH=/opt/ros/humble /usr/bin/cmake --install /home/suvi/zbot_ws/build/zbot_control
[1.013s] -- Install configuration: ""
[1.013s] -- Installing: /home/suvi/zbot_ws/install/zbot_control/share/zbot_control/urdf
[1.013s] -- Installing: /home/suvi/zbot_ws/install/zbot_control/share/zbot_control/urdf/zbot_control.urdf.xacro
[1.013s] -- Installing: /home/suvi/zbot_ws/install/zbot_control/share/zbot_control/urdf/ros2_control.xacro
[1.013s] -- Installing: /home/suvi/zbot_ws/install/zbot_control/share/zbot_control/launch
[1.013s] -- Installing: /home/suvi/zbot_ws/install/zbot_control/share/zbot_control/launch/gazebo.launch.py
[1.013s] -- Installing: /home/suvi/zbot_ws/install/zbot_control/share/zbot_control/config
[1.013s] -- Installing: /home/suvi/zbot_ws/install/zbot_control/share/zbot_control/config/ros2_controllers.yaml
[1.013s] -- Installing: /home/suvi/zbot_ws/install/zbot_control/share/ament_index/resource_index/package_run_dependencies/zbot_control
[1.014s] -- Installing: /home/suvi/zbot_ws/install/zbot_control/share/ament_index/resource_index/parent_prefix_path/zbot_control
[1.014s] -- Installing: /home/suvi/zbot_ws/install/zbot_control/share/zbot_control/environment/ament_prefix_path.sh
[1.014s] -- Installing: /home/suvi/zbot_ws/install/zbot_control/share/zbot_control/environment/ament_prefix_path.dsv
[1.014s] -- Installing: /home/suvi/zbot_ws/install/zbot_control/share/zbot_control/environment/path.sh
[1.014s] -- Installing: /home/suvi/zbot_ws/install/zbot_control/share/zbot_control/environment/path.dsv
[1.014s] -- Installing: /home/suvi/zbot_ws/install/zbot_control/share/zbot_control/local_setup.bash
[1.014s] -- Installing: /home/suvi/zbot_ws/install/zbot_control/share/zbot_control/local_setup.sh
[1.014s] -- Installing: /home/suvi/zbot_ws/install/zbot_control/share/zbot_control/local_setup.zsh
[1.014s] -- Installing: /home/suvi/zbot_ws/install/zbot_control/share/zbot_control/local_setup.dsv
[1.014s] -- Installing: /home/suvi/zbot_ws/install/zbot_control/share/zbot_control/package.dsv
[1.014s] -- Installing: /home/suvi/zbot_ws/install/zbot_control/share/ament_index/resource_index/packages/zbot_control
[1.014s] -- Installing: /home/suvi/zbot_ws/install/zbot_control/share/zbot_control/cmake/zbot_controlConfig.cmake
[1.014s] -- Installing: /home/suvi/zbot_ws/install/zbot_control/share/zbot_control/cmake/zbot_controlConfig-version.cmake
[1.014s] -- Installing: /home/suvi/zbot_ws/install/zbot_control/share/zbot_control/package.xml
[1.016s] Invoked command in '/home/suvi/zbot_ws/build/zbot_control' returned '0': CMAKE_PREFIX_PATH=/opt/ros/humble /usr/bin/cmake --install /home/suvi/zbot_ws/build/zbot_control
