[0.069s] DEBUG:colcon:Command line arguments: ['/usr/bin/colcon', 'build']
[0.069s] DEBUG:colcon:Parsed command line arguments: Namespace(log_base=None, log_level=None, verb_name='build', build_base='build', install_base='install', merge_install=False, symlink_install=False, test_result_base=None, continue_on_error=False, executor='parallel', parallel_workers=12, event_handlers=None, ignore_user_meta=False, metas=['./colcon.meta'], base_paths=['.'], packages_ignore=None, packages_ignore_regex=None, paths=None, packages_up_to=None, packages_up_to_regex=None, packages_above=None, packages_above_and_dependencies=None, packages_above_depth=None, packages_select_by_dep=None, packages_skip_by_dep=None, packages_skip_up_to=None, packages_select_build_failed=False, packages_skip_build_finished=False, packages_select_test_failures=False, packages_skip_test_passed=False, packages_select=None, packages_skip=None, packages_select_regex=None, packages_skip_regex=None, packages_start=None, packages_end=None, allow_overriding=[], cmake_args=None, cmake_target=None, cmake_target_skip_unavailable=False, cmake_clean_cache=False, cmake_clean_first=False, cmake_force_configure=False, ament_cmake_args=None, catkin_cmake_args=None, catkin_skip_building_tests=False, mixin_files=None, mixin=None, verb_parser=<colcon_mixin.mixin.mixin_argument.MixinArgumentDecorator object at 0x7fc7979ba470>, verb_extension=<colcon_core.verb.build.BuildVerb object at 0x7fc7979b9fc0>, main=<bound method BuildVerb.main of <colcon_core.verb.build.BuildVerb object at 0x7fc7979b9fc0>>, mixin_verb=('build',))
[0.169s] Level 1:colcon.colcon_core.package_discovery:discover_packages(colcon_meta) check parameters
[0.169s] Level 1:colcon.colcon_core.package_discovery:discover_packages(recursive) check parameters
[0.169s] Level 1:colcon.colcon_core.package_discovery:discover_packages(ignore) check parameters
[0.169s] Level 1:colcon.colcon_core.package_discovery:discover_packages(path) check parameters
[0.169s] Level 1:colcon.colcon_core.package_discovery:discover_packages(colcon_meta) discover
[0.169s] Level 1:colcon.colcon_core.package_discovery:discover_packages(recursive) discover
[0.169s] INFO:colcon.colcon_core.package_discovery:Crawling recursively for packages in '/home/suvi/zbot_ws'
[0.170s] Level 1:colcon.colcon_core.package_identification:_identify(.) by extensions ['ignore', 'ignore_ament_install']
[0.170s] Level 1:colcon.colcon_core.package_identification:_identify(.) by extension 'ignore'
[0.170s] Level 1:colcon.colcon_core.package_identification:_identify(.) by extension 'ignore_ament_install'
[0.170s] Level 1:colcon.colcon_core.package_identification:_identify(.) by extensions ['colcon_pkg']
[0.170s] Level 1:colcon.colcon_core.package_identification:_identify(.) by extension 'colcon_pkg'
[0.170s] Level 1:colcon.colcon_core.package_identification:_identify(.) by extensions ['colcon_meta']
[0.170s] Level 1:colcon.colcon_core.package_identification:_identify(.) by extension 'colcon_meta'
[0.170s] Level 1:colcon.colcon_core.package_identification:_identify(.) by extensions ['ros']
[0.170s] Level 1:colcon.colcon_core.package_identification:_identify(.) by extension 'ros'
[0.184s] Level 1:colcon.colcon_core.package_identification:_identify(.) by extensions ['cmake', 'python']
[0.184s] Level 1:colcon.colcon_core.package_identification:_identify(.) by extension 'cmake'
[0.184s] Level 1:colcon.colcon_core.package_identification:_identify(.) by extension 'python'
[0.184s] Level 1:colcon.colcon_core.package_identification:_identify(.) by extensions ['python_setup_py']
[0.184s] Level 1:colcon.colcon_core.package_identification:_identify(.) by extension 'python_setup_py'
[0.184s] Level 1:colcon.colcon_core.package_identification:_identify(build) by extensions ['ignore', 'ignore_ament_install']
[0.184s] Level 1:colcon.colcon_core.package_identification:_identify(build) by extension 'ignore'
[0.184s] Level 1:colcon.colcon_core.package_identification:_identify(build) ignored
[0.184s] Level 1:colcon.colcon_core.package_identification:_identify(install) by extensions ['ignore', 'ignore_ament_install']
[0.184s] Level 1:colcon.colcon_core.package_identification:_identify(install) by extension 'ignore'
[0.184s] Level 1:colcon.colcon_core.package_identification:_identify(install) ignored
[0.184s] Level 1:colcon.colcon_core.package_identification:_identify(log) by extensions ['ignore', 'ignore_ament_install']
[0.185s] Level 1:colcon.colcon_core.package_identification:_identify(log) by extension 'ignore'
[0.185s] Level 1:colcon.colcon_core.package_identification:_identify(log) ignored
[0.185s] Level 1:colcon.colcon_core.package_identification:_identify(src) by extensions ['ignore', 'ignore_ament_install']
[0.185s] Level 1:colcon.colcon_core.package_identification:_identify(src) by extension 'ignore'
[0.185s] Level 1:colcon.colcon_core.package_identification:_identify(src) by extension 'ignore_ament_install'
[0.185s] Level 1:colcon.colcon_core.package_identification:_identify(src) by extensions ['colcon_pkg']
[0.185s] Level 1:colcon.colcon_core.package_identification:_identify(src) by extension 'colcon_pkg'
[0.185s] Level 1:colcon.colcon_core.package_identification:_identify(src) by extensions ['colcon_meta']
[0.185s] Level 1:colcon.colcon_core.package_identification:_identify(src) by extension 'colcon_meta'
[0.185s] Level 1:colcon.colcon_core.package_identification:_identify(src) by extensions ['ros']
[0.185s] Level 1:colcon.colcon_core.package_identification:_identify(src) by extension 'ros'
[0.185s] Level 1:colcon.colcon_core.package_identification:_identify(src) by extensions ['cmake', 'python']
[0.185s] Level 1:colcon.colcon_core.package_identification:_identify(src) by extension 'cmake'
[0.185s] Level 1:colcon.colcon_core.package_identification:_identify(src) by extension 'python'
[0.185s] Level 1:colcon.colcon_core.package_identification:_identify(src) by extensions ['python_setup_py']
[0.185s] Level 1:colcon.colcon_core.package_identification:_identify(src) by extension 'python_setup_py'
[0.185s] Level 1:colcon.colcon_core.package_identification:_identify(src/zbot_control) by extensions ['ignore', 'ignore_ament_install']
[0.185s] Level 1:colcon.colcon_core.package_identification:_identify(src/zbot_control) by extension 'ignore'
[0.185s] Level 1:colcon.colcon_core.package_identification:_identify(src/zbot_control) by extension 'ignore_ament_install'
[0.185s] Level 1:colcon.colcon_core.package_identification:_identify(src/zbot_control) by extensions ['colcon_pkg']
[0.185s] Level 1:colcon.colcon_core.package_identification:_identify(src/zbot_control) by extension 'colcon_pkg'
[0.185s] Level 1:colcon.colcon_core.package_identification:_identify(src/zbot_control) by extensions ['colcon_meta']
[0.185s] Level 1:colcon.colcon_core.package_identification:_identify(src/zbot_control) by extension 'colcon_meta'
[0.185s] Level 1:colcon.colcon_core.package_identification:_identify(src/zbot_control) by extensions ['ros']
[0.185s] Level 1:colcon.colcon_core.package_identification:_identify(src/zbot_control) by extension 'ros'
[0.186s] DEBUG:colcon.colcon_core.package_identification:Package 'src/zbot_control' with type 'ros.ament_cmake' and name 'zbot_control'
[0.186s] Level 1:colcon.colcon_core.package_identification:_identify(src/zbot_description) by extensions ['ignore', 'ignore_ament_install']
[0.186s] Level 1:colcon.colcon_core.package_identification:_identify(src/zbot_description) by extension 'ignore'
[0.187s] Level 1:colcon.colcon_core.package_identification:_identify(src/zbot_description) by extension 'ignore_ament_install'
[0.187s] Level 1:colcon.colcon_core.package_identification:_identify(src/zbot_description) by extensions ['colcon_pkg']
[0.187s] Level 1:colcon.colcon_core.package_identification:_identify(src/zbot_description) by extension 'colcon_pkg'
[0.187s] Level 1:colcon.colcon_core.package_identification:_identify(src/zbot_description) by extensions ['colcon_meta']
[0.187s] Level 1:colcon.colcon_core.package_identification:_identify(src/zbot_description) by extension 'colcon_meta'
[0.187s] Level 1:colcon.colcon_core.package_identification:_identify(src/zbot_description) by extensions ['ros']
[0.187s] Level 1:colcon.colcon_core.package_identification:_identify(src/zbot_description) by extension 'ros'
[0.187s] DEBUG:colcon.colcon_core.package_identification:Package 'src/zbot_description' with type 'ros.ament_cmake' and name 'zbot_description'
[0.187s] Level 1:colcon.colcon_core.package_discovery:discover_packages(recursive) using defaults
[0.187s] Level 1:colcon.colcon_core.package_discovery:discover_packages(ignore) discover
[0.187s] Level 1:colcon.colcon_core.package_discovery:discover_packages(ignore) using defaults
[0.187s] Level 1:colcon.colcon_core.package_discovery:discover_packages(path) discover
[0.187s] Level 1:colcon.colcon_core.package_discovery:discover_packages(path) using defaults
[0.205s] Level 1:colcon.colcon_core.package_discovery:discover_packages(prefix_path) check parameters
[0.205s] Level 1:colcon.colcon_core.package_discovery:discover_packages(prefix_path) discover
[0.206s] DEBUG:colcon.colcon_installed_package_information.package_discovery:Found 2 installed packages in /home/suvi/zbot_ws/install
[0.207s] DEBUG:colcon.colcon_installed_package_information.package_discovery:Found 564 installed packages in /opt/ros/humble
[0.208s] Level 1:colcon.colcon_core.package_discovery:discover_packages(prefix_path) using defaults
[0.240s] Level 5:colcon.colcon_core.verb:set package 'zbot_control' build argument 'cmake_args' from command line to 'None'
[0.240s] Level 5:colcon.colcon_core.verb:set package 'zbot_control' build argument 'cmake_target' from command line to 'None'
[0.240s] Level 5:colcon.colcon_core.verb:set package 'zbot_control' build argument 'cmake_target_skip_unavailable' from command line to 'False'
[0.240s] Level 5:colcon.colcon_core.verb:set package 'zbot_control' build argument 'cmake_clean_cache' from command line to 'False'
[0.240s] Level 5:colcon.colcon_core.verb:set package 'zbot_control' build argument 'cmake_clean_first' from command line to 'False'
[0.240s] Level 5:colcon.colcon_core.verb:set package 'zbot_control' build argument 'cmake_force_configure' from command line to 'False'
[0.240s] Level 5:colcon.colcon_core.verb:set package 'zbot_control' build argument 'ament_cmake_args' from command line to 'None'
[0.240s] Level 5:colcon.colcon_core.verb:set package 'zbot_control' build argument 'catkin_cmake_args' from command line to 'None'
[0.240s] Level 5:colcon.colcon_core.verb:set package 'zbot_control' build argument 'catkin_skip_building_tests' from command line to 'False'
[0.240s] DEBUG:colcon.colcon_core.verb:Building package 'zbot_control' with the following arguments: {'ament_cmake_args': None, 'build_base': '/home/suvi/zbot_ws/build/zbot_control', 'catkin_cmake_args': None, 'catkin_skip_building_tests': False, 'cmake_args': None, 'cmake_clean_cache': False, 'cmake_clean_first': False, 'cmake_force_configure': False, 'cmake_target': None, 'cmake_target_skip_unavailable': False, 'install_base': '/home/suvi/zbot_ws/install/zbot_control', 'merge_install': False, 'path': '/home/suvi/zbot_ws/src/zbot_control', 'symlink_install': False, 'test_result_base': None}
[0.240s] Level 5:colcon.colcon_core.verb:set package 'zbot_description' build argument 'cmake_args' from command line to 'None'
[0.240s] Level 5:colcon.colcon_core.verb:set package 'zbot_description' build argument 'cmake_target' from command line to 'None'
[0.240s] Level 5:colcon.colcon_core.verb:set package 'zbot_description' build argument 'cmake_target_skip_unavailable' from command line to 'False'
[0.240s] Level 5:colcon.colcon_core.verb:set package 'zbot_description' build argument 'cmake_clean_cache' from command line to 'False'
[0.240s] Level 5:colcon.colcon_core.verb:set package 'zbot_description' build argument 'cmake_clean_first' from command line to 'False'
[0.240s] Level 5:colcon.colcon_core.verb:set package 'zbot_description' build argument 'cmake_force_configure' from command line to 'False'
[0.240s] Level 5:colcon.colcon_core.verb:set package 'zbot_description' build argument 'ament_cmake_args' from command line to 'None'
[0.240s] Level 5:colcon.colcon_core.verb:set package 'zbot_description' build argument 'catkin_cmake_args' from command line to 'None'
[0.240s] Level 5:colcon.colcon_core.verb:set package 'zbot_description' build argument 'catkin_skip_building_tests' from command line to 'False'
[0.240s] DEBUG:colcon.colcon_core.verb:Building package 'zbot_description' with the following arguments: {'ament_cmake_args': None, 'build_base': '/home/suvi/zbot_ws/build/zbot_description', 'catkin_cmake_args': None, 'catkin_skip_building_tests': False, 'cmake_args': None, 'cmake_clean_cache': False, 'cmake_clean_first': False, 'cmake_force_configure': False, 'cmake_target': None, 'cmake_target_skip_unavailable': False, 'install_base': '/home/suvi/zbot_ws/install/zbot_description', 'merge_install': False, 'path': '/home/suvi/zbot_ws/src/zbot_description', 'symlink_install': False, 'test_result_base': None}
[0.240s] INFO:colcon.colcon_core.executor:Executing jobs using 'parallel' executor
[0.241s] DEBUG:colcon.colcon_parallel_executor.executor.parallel:run_until_complete
[0.241s] INFO:colcon.colcon_ros.task.ament_cmake.build:Building ROS package in '/home/suvi/zbot_ws/src/zbot_control' with build type 'ament_cmake'
[0.241s] INFO:colcon.colcon_cmake.task.cmake.build:Building CMake package in '/home/suvi/zbot_ws/src/zbot_control'
[0.242s] INFO:colcon.colcon_core.plugin_system:Skipping extension 'colcon_core.shell.bat': Not used on non-Windows systems
[0.242s] INFO:colcon.colcon_core.shell:Skip shell extension 'powershell' for command environment: Not usable outside of PowerShell
[0.243s] DEBUG:colcon.colcon_core.shell:Skip shell extension 'dsv' for command environment
[0.245s] INFO:colcon.colcon_ros.task.ament_cmake.build:Building ROS package in '/home/suvi/zbot_ws/src/zbot_description' with build type 'ament_cmake'
[0.245s] INFO:colcon.colcon_cmake.task.cmake.build:Building CMake package in '/home/suvi/zbot_ws/src/zbot_description'
[0.245s] INFO:colcon.colcon_core.shell:Skip shell extension 'powershell' for command environment: Not usable outside of PowerShell
[0.245s] DEBUG:colcon.colcon_core.shell:Skip shell extension 'dsv' for command environment
[0.250s] DEBUG:colcon.colcon_core.event_handler.log_command:Invoking command in '/home/suvi/zbot_ws/build/zbot_control': CMAKE_PREFIX_PATH=${CMAKE_PREFIX_PATH}:/opt/ros/humble /usr/bin/cmake --build /home/suvi/zbot_ws/build/zbot_control -- -j12 -l12
[0.253s] DEBUG:colcon.colcon_core.event_handler.log_command:Invoking command in '/home/suvi/zbot_ws/build/zbot_description': CMAKE_PREFIX_PATH=${CMAKE_PREFIX_PATH}:/opt/ros/humble /usr/bin/cmake --build /home/suvi/zbot_ws/build/zbot_description -- -j12 -l12
[0.278s] DEBUG:colcon.colcon_core.event_handler.log_command:Invoked command in '/home/suvi/zbot_ws/build/zbot_description' returned '0': CMAKE_PREFIX_PATH=${CMAKE_PREFIX_PATH}:/opt/ros/humble /usr/bin/cmake --build /home/suvi/zbot_ws/build/zbot_description -- -j12 -l12
[0.284s] DEBUG:colcon.colcon_core.event_handler.log_command:Invoking command in '/home/suvi/zbot_ws/build/zbot_description': CMAKE_PREFIX_PATH=${CMAKE_PREFIX_PATH}:/opt/ros/humble /usr/bin/cmake --install /home/suvi/zbot_ws/build/zbot_description
[0.284s] DEBUG:colcon.colcon_core.event_handler.log_command:Invoked command in '/home/suvi/zbot_ws/build/zbot_control' returned '0': CMAKE_PREFIX_PATH=${CMAKE_PREFIX_PATH}:/opt/ros/humble /usr/bin/cmake --build /home/suvi/zbot_ws/build/zbot_control -- -j12 -l12
[0.285s] DEBUG:colcon.colcon_core.event_handler.log_command:Invoking command in '/home/suvi/zbot_ws/build/zbot_control': CMAKE_PREFIX_PATH=${CMAKE_PREFIX_PATH}:/opt/ros/humble /usr/bin/cmake --install /home/suvi/zbot_ws/build/zbot_control
[0.292s] Level 1:colcon.colcon_core.environment:create_environment_scripts_only(zbot_description)
[0.293s] DEBUG:colcon.colcon_core.event_handler.log_command:Invoked command in '/home/suvi/zbot_ws/build/zbot_description' returned '0': CMAKE_PREFIX_PATH=${CMAKE_PREFIX_PATH}:/opt/ros/humble /usr/bin/cmake --install /home/suvi/zbot_ws/build/zbot_description
[0.296s] Level 1:colcon.colcon_core.environment:checking '/home/suvi/zbot_ws/install/zbot_description' for CMake module files
[0.296s] Level 1:colcon.colcon_core.environment:checking '/home/suvi/zbot_ws/install/zbot_description' for CMake config files
[0.296s] Level 1:colcon.colcon_core.shell:create_environment_hook('zbot_description', 'cmake_prefix_path')
[0.296s] INFO:colcon.colcon_core.shell:Creating environment hook '/home/suvi/zbot_ws/install/zbot_description/share/zbot_description/hook/cmake_prefix_path.ps1'
[0.297s] INFO:colcon.colcon_core.shell:Creating environment descriptor '/home/suvi/zbot_ws/install/zbot_description/share/zbot_description/hook/cmake_prefix_path.dsv'
[0.297s] INFO:colcon.colcon_core.shell:Creating environment hook '/home/suvi/zbot_ws/install/zbot_description/share/zbot_description/hook/cmake_prefix_path.sh'
[0.297s] Level 1:colcon.colcon_core.environment:checking '/home/suvi/zbot_ws/install/zbot_description/bin'
[0.297s] Level 1:colcon.colcon_core.environment:checking '/home/suvi/zbot_ws/install/zbot_description/lib/pkgconfig/zbot_description.pc'
[0.297s] Level 1:colcon.colcon_core.environment:checking '/home/suvi/zbot_ws/install/zbot_description/lib/python3.10/site-packages'
[0.298s] Level 1:colcon.colcon_core.environment:checking '/home/suvi/zbot_ws/install/zbot_description/bin'
[0.298s] INFO:colcon.colcon_core.shell:Creating package script '/home/suvi/zbot_ws/install/zbot_description/share/zbot_description/package.ps1'
[0.298s] INFO:colcon.colcon_core.shell:Creating package descriptor '/home/suvi/zbot_ws/install/zbot_description/share/zbot_description/package.dsv'
[0.299s] INFO:colcon.colcon_core.shell:Creating package script '/home/suvi/zbot_ws/install/zbot_description/share/zbot_description/package.sh'
[0.299s] INFO:colcon.colcon_core.shell:Creating package script '/home/suvi/zbot_ws/install/zbot_description/share/zbot_description/package.bash'
[0.299s] INFO:colcon.colcon_core.shell:Creating package script '/home/suvi/zbot_ws/install/zbot_description/share/zbot_description/package.zsh'
[0.300s] Level 1:colcon.colcon_core.environment:create_file_with_runtime_dependencies(/home/suvi/zbot_ws/install/zbot_description/share/colcon-core/packages/zbot_description)
[0.300s] Level 1:colcon.colcon_core.environment:create_environment_scripts_only(zbot_description)
[0.300s] Level 1:colcon.colcon_core.environment:checking '/home/suvi/zbot_ws/install/zbot_description' for CMake module files
[0.300s] Level 1:colcon.colcon_core.environment:checking '/home/suvi/zbot_ws/install/zbot_description' for CMake config files
[0.300s] Level 1:colcon.colcon_core.shell:create_environment_hook('zbot_description', 'cmake_prefix_path')
[0.301s] INFO:colcon.colcon_core.shell:Creating environment hook '/home/suvi/zbot_ws/install/zbot_description/share/zbot_description/hook/cmake_prefix_path.ps1'
[0.301s] INFO:colcon.colcon_core.shell:Creating environment descriptor '/home/suvi/zbot_ws/install/zbot_description/share/zbot_description/hook/cmake_prefix_path.dsv'
[0.301s] INFO:colcon.colcon_core.shell:Creating environment hook '/home/suvi/zbot_ws/install/zbot_description/share/zbot_description/hook/cmake_prefix_path.sh'
[0.301s] Level 1:colcon.colcon_core.environment:checking '/home/suvi/zbot_ws/install/zbot_description/bin'
[0.301s] Level 1:colcon.colcon_core.environment:checking '/home/suvi/zbot_ws/install/zbot_description/lib/pkgconfig/zbot_description.pc'
[0.301s] Level 1:colcon.colcon_core.environment:checking '/home/suvi/zbot_ws/install/zbot_description/lib/python3.10/site-packages'
[0.301s] Level 1:colcon.colcon_core.environment:checking '/home/suvi/zbot_ws/install/zbot_description/bin'
[0.302s] INFO:colcon.colcon_core.shell:Creating package script '/home/suvi/zbot_ws/install/zbot_description/share/zbot_description/package.ps1'
[0.302s] INFO:colcon.colcon_core.shell:Creating package descriptor '/home/suvi/zbot_ws/install/zbot_description/share/zbot_description/package.dsv'
[0.302s] INFO:colcon.colcon_core.shell:Creating package script '/home/suvi/zbot_ws/install/zbot_description/share/zbot_description/package.sh'
[0.302s] INFO:colcon.colcon_core.shell:Creating package script '/home/suvi/zbot_ws/install/zbot_description/share/zbot_description/package.bash'
[0.302s] INFO:colcon.colcon_core.shell:Creating package script '/home/suvi/zbot_ws/install/zbot_description/share/zbot_description/package.zsh'
[0.303s] Level 1:colcon.colcon_core.environment:create_file_with_runtime_dependencies(/home/suvi/zbot_ws/install/zbot_description/share/colcon-core/packages/zbot_description)
[0.303s] Level 1:colcon.colcon_core.environment:create_environment_scripts_only(zbot_control)
[0.303s] Level 1:colcon.colcon_core.environment:checking '/home/suvi/zbot_ws/install/zbot_control' for CMake module files
[0.304s] DEBUG:colcon.colcon_core.event_handler.log_command:Invoked command in '/home/suvi/zbot_ws/build/zbot_control' returned '0': CMAKE_PREFIX_PATH=${CMAKE_PREFIX_PATH}:/opt/ros/humble /usr/bin/cmake --install /home/suvi/zbot_ws/build/zbot_control
[0.304s] Level 1:colcon.colcon_core.environment:checking '/home/suvi/zbot_ws/install/zbot_control' for CMake config files
[0.304s] Level 1:colcon.colcon_core.shell:create_environment_hook('zbot_control', 'cmake_prefix_path')
[0.305s] INFO:colcon.colcon_core.shell:Creating environment hook '/home/suvi/zbot_ws/install/zbot_control/share/zbot_control/hook/cmake_prefix_path.ps1'
[0.305s] INFO:colcon.colcon_core.shell:Creating environment descriptor '/home/suvi/zbot_ws/install/zbot_control/share/zbot_control/hook/cmake_prefix_path.dsv'
[0.305s] INFO:colcon.colcon_core.shell:Creating environment hook '/home/suvi/zbot_ws/install/zbot_control/share/zbot_control/hook/cmake_prefix_path.sh'
[0.306s] Level 1:colcon.colcon_core.environment:checking '/home/suvi/zbot_ws/install/zbot_control/bin'
[0.306s] Level 1:colcon.colcon_core.environment:checking '/home/suvi/zbot_ws/install/zbot_control/lib/pkgconfig/zbot_control.pc'
[0.306s] Level 1:colcon.colcon_core.environment:checking '/home/suvi/zbot_ws/install/zbot_control/lib/python3.10/site-packages'
[0.306s] Level 1:colcon.colcon_core.environment:checking '/home/suvi/zbot_ws/install/zbot_control/bin'
[0.306s] INFO:colcon.colcon_core.shell:Creating package script '/home/suvi/zbot_ws/install/zbot_control/share/zbot_control/package.ps1'
[0.307s] INFO:colcon.colcon_core.shell:Creating package descriptor '/home/suvi/zbot_ws/install/zbot_control/share/zbot_control/package.dsv'
[0.307s] INFO:colcon.colcon_core.shell:Creating package script '/home/suvi/zbot_ws/install/zbot_control/share/zbot_control/package.sh'
[0.307s] INFO:colcon.colcon_core.shell:Creating package script '/home/suvi/zbot_ws/install/zbot_control/share/zbot_control/package.bash'
[0.307s] INFO:colcon.colcon_core.shell:Creating package script '/home/suvi/zbot_ws/install/zbot_control/share/zbot_control/package.zsh'
[0.308s] Level 1:colcon.colcon_core.environment:create_file_with_runtime_dependencies(/home/suvi/zbot_ws/install/zbot_control/share/colcon-core/packages/zbot_control)
[0.308s] Level 1:colcon.colcon_core.environment:create_environment_scripts_only(zbot_control)
[0.308s] Level 1:colcon.colcon_core.environment:checking '/home/suvi/zbot_ws/install/zbot_control' for CMake module files
[0.308s] Level 1:colcon.colcon_core.environment:checking '/home/suvi/zbot_ws/install/zbot_control' for CMake config files
[0.308s] Level 1:colcon.colcon_core.shell:create_environment_hook('zbot_control', 'cmake_prefix_path')
[0.308s] INFO:colcon.colcon_core.shell:Creating environment hook '/home/suvi/zbot_ws/install/zbot_control/share/zbot_control/hook/cmake_prefix_path.ps1'
[0.308s] INFO:colcon.colcon_core.shell:Creating environment descriptor '/home/suvi/zbot_ws/install/zbot_control/share/zbot_control/hook/cmake_prefix_path.dsv'
[0.309s] INFO:colcon.colcon_core.shell:Creating environment hook '/home/suvi/zbot_ws/install/zbot_control/share/zbot_control/hook/cmake_prefix_path.sh'
[0.309s] Level 1:colcon.colcon_core.environment:checking '/home/suvi/zbot_ws/install/zbot_control/bin'
[0.309s] Level 1:colcon.colcon_core.environment:checking '/home/suvi/zbot_ws/install/zbot_control/lib/pkgconfig/zbot_control.pc'
[0.309s] Level 1:colcon.colcon_core.environment:checking '/home/suvi/zbot_ws/install/zbot_control/lib/python3.10/site-packages'
[0.309s] Level 1:colcon.colcon_core.environment:checking '/home/suvi/zbot_ws/install/zbot_control/bin'
[0.309s] INFO:colcon.colcon_core.shell:Creating package script '/home/suvi/zbot_ws/install/zbot_control/share/zbot_control/package.ps1'
[0.310s] INFO:colcon.colcon_core.shell:Creating package descriptor '/home/suvi/zbot_ws/install/zbot_control/share/zbot_control/package.dsv'
[0.310s] INFO:colcon.colcon_core.shell:Creating package script '/home/suvi/zbot_ws/install/zbot_control/share/zbot_control/package.sh'
[0.310s] INFO:colcon.colcon_core.shell:Creating package script '/home/suvi/zbot_ws/install/zbot_control/share/zbot_control/package.bash'
[0.310s] INFO:colcon.colcon_core.shell:Creating package script '/home/suvi/zbot_ws/install/zbot_control/share/zbot_control/package.zsh'
[0.310s] Level 1:colcon.colcon_core.environment:create_file_with_runtime_dependencies(/home/suvi/zbot_ws/install/zbot_control/share/colcon-core/packages/zbot_control)
[0.311s] DEBUG:colcon.colcon_parallel_executor.executor.parallel:closing loop
[0.311s] DEBUG:colcon.colcon_parallel_executor.executor.parallel:loop closed
[0.311s] DEBUG:colcon.colcon_parallel_executor.executor.parallel:run_until_complete finished with '0'
[0.311s] DEBUG:colcon.colcon_core.event_reactor:joining thread
[0.314s] INFO:colcon.colcon_core.plugin_system:Skipping extension 'colcon_notification.desktop_notification.terminal_notifier': Not used on non-Darwin systems
[0.314s] INFO:colcon.colcon_core.plugin_system:Skipping extension 'colcon_notification.desktop_notification.win32': Not used on non-Windows systems
[0.314s] INFO:colcon.colcon_notification.desktop_notification:Sending desktop notification using 'notify2'
[0.321s] DEBUG:colcon.colcon_core.event_reactor:joined thread
[0.322s] INFO:colcon.colcon_core.shell:Creating prefix script '/home/suvi/zbot_ws/install/local_setup.ps1'
[0.322s] INFO:colcon.colcon_core.shell:Creating prefix util module '/home/suvi/zbot_ws/install/_local_setup_util_ps1.py'
[0.323s] INFO:colcon.colcon_core.shell:Creating prefix chain script '/home/suvi/zbot_ws/install/setup.ps1'
[0.324s] INFO:colcon.colcon_core.shell:Creating prefix script '/home/suvi/zbot_ws/install/local_setup.sh'
[0.324s] INFO:colcon.colcon_core.shell:Creating prefix util module '/home/suvi/zbot_ws/install/_local_setup_util_sh.py'
[0.325s] INFO:colcon.colcon_core.shell:Creating prefix chain script '/home/suvi/zbot_ws/install/setup.sh'
[0.325s] INFO:colcon.colcon_core.shell:Creating prefix script '/home/suvi/zbot_ws/install/local_setup.bash'
[0.325s] INFO:colcon.colcon_core.shell:Creating prefix chain script '/home/suvi/zbot_ws/install/setup.bash'
[0.326s] INFO:colcon.colcon_core.shell:Creating prefix script '/home/suvi/zbot_ws/install/local_setup.zsh'
[0.326s] INFO:colcon.colcon_core.shell:Creating prefix chain script '/home/suvi/zbot_ws/install/setup.zsh'
