-- Install configuration: ""
-- Up-to-date: /home/suvi/zbot_ws/install/zbot_description/share/zbot_description/urdf
-- Up-to-date: /home/suvi/zbot_ws/install/zbot_description/share/zbot_description/urdf/zbot_base.urdf.xacro
-- Up-to-date: /home/suvi/zbot_ws/install/zbot_description/share/zbot_description/urdf/zbot.urdf.xacro
-- Installing: /home/suvi/zbot_ws/install/zbot_description/share/zbot_description/urdf/zbot_arms_torso.xacro
-- Up-to-date: /home/suvi/zbot_ws/install/zbot_description/share/zbot_description/urdf/zbot_arms_torso (copy).xacro
-- Up-to-date: /home/suvi/zbot_ws/install/zbot_description/share/zbot_description/meshes
-- Up-to-date: /home/suvi/zbot_ws/install/zbot_description/share/zbot_description/meshes/LSR_link.STL
-- Up-to-date: /home/suvi/zbot_ws/install/zbot_description/share/zbot_description/meshes/wheel1_Link.STL
-- Up-to-date: /home/suvi/zbot_ws/install/zbot_description/share/zbot_description/meshes/RWP_link.STL
-- Up-to-date: /home/suvi/zbot_ws/install/zbot_description/share/zbot_description/meshes/LSP_link.STL
-- Up-to-date: /home/suvi/zbot_ws/install/zbot_description/share/zbot_description/meshes/RSP_link.STL
-- Up-to-date: /home/suvi/zbot_ws/install/zbot_description/share/zbot_description/meshes/RGRF_link.STL
-- Up-to-date: /home/suvi/zbot_ws/install/zbot_description/share/zbot_description/meshes/RWR_link.STL
-- Up-to-date: /home/suvi/zbot_ws/install/zbot_description/share/zbot_description/meshes/wheel2_Link.STL
-- Up-to-date: /home/suvi/zbot_ws/install/zbot_description/share/zbot_description/meshes/holder2_Link.STL
-- Up-to-date: /home/suvi/zbot_ws/install/zbot_description/share/zbot_description/meshes/holder4_Link.STL
-- Up-to-date: /home/suvi/zbot_ws/install/zbot_description/share/zbot_description/meshes/RSY_link.STL
-- Up-to-date: /home/suvi/zbot_ws/install/zbot_description/share/zbot_description/meshes/wheel4_Link.STL
-- Up-to-date: /home/suvi/zbot_ws/install/zbot_description/share/zbot_description/meshes/REP_link.STL
-- Up-to-date: /home/suvi/zbot_ws/install/zbot_description/share/zbot_description/meshes/LEP_link.STL
-- Up-to-date: /home/suvi/zbot_ws/install/zbot_description/share/zbot_description/meshes/T2LS_link.STL
-- Up-to-date: /home/suvi/zbot_ws/install/zbot_description/share/zbot_description/meshes/LGRF_link.STL
-- Up-to-date: /home/suvi/zbot_ws/install/zbot_description/share/zbot_description/meshes/LWP_link.STL
-- Up-to-date: /home/suvi/zbot_ws/install/zbot_description/share/zbot_description/meshes/holder1_Link.STL
-- Up-to-date: /home/suvi/zbot_ws/install/zbot_description/share/zbot_description/meshes/LWY_link.STL
-- Up-to-date: /home/suvi/zbot_ws/install/zbot_description/share/zbot_description/meshes/RSR_link.STL
-- Up-to-date: /home/suvi/zbot_ws/install/zbot_description/share/zbot_description/meshes/T2RS_link.STL
-- Up-to-date: /home/suvi/zbot_ws/install/zbot_description/share/zbot_description/meshes/Left_wheel_link.STL
-- Up-to-date: /home/suvi/zbot_ws/install/zbot_description/share/zbot_description/meshes/RGLF_link.STL
-- Up-to-date: /home/suvi/zbot_ws/install/zbot_description/share/zbot_description/meshes/holder3_Link.STL
-- Up-to-date: /home/suvi/zbot_ws/install/zbot_description/share/zbot_description/meshes/LGLF_link.STL
-- Up-to-date: /home/suvi/zbot_ws/install/zbot_description/share/zbot_description/meshes/torso_link.STL
-- Up-to-date: /home/suvi/zbot_ws/install/zbot_description/share/zbot_description/meshes/LSY_link.STL
-- Up-to-date: /home/suvi/zbot_ws/install/zbot_description/share/zbot_description/meshes/chassis_link.STL
-- Up-to-date: /home/suvi/zbot_ws/install/zbot_description/share/zbot_description/meshes/Right_wheel_link.STL
-- Up-to-date: /home/suvi/zbot_ws/install/zbot_description/share/zbot_description/meshes/RWY_link.STL
-- Up-to-date: /home/suvi/zbot_ws/install/zbot_description/share/zbot_description/meshes/wheel3_Link.STL
-- Up-to-date: /home/suvi/zbot_ws/install/zbot_description/share/zbot_description/meshes/LWR_link.STL
-- Up-to-date: /home/suvi/zbot_ws/install/zbot_description/share/zbot_description/launch
-- Up-to-date: /home/suvi/zbot_ws/install/zbot_description/share/zbot_description/launch/gazebo.launch.py
-- Up-to-date: /home/suvi/zbot_ws/install/zbot_description/share/zbot_description/rviz
-- Up-to-date: /home/suvi/zbot_ws/install/zbot_description/share/zbot_description/rviz/zbot.rviz
-- Up-to-date: /home/suvi/zbot_ws/install/zbot_description/share/zbot_description/worlds
-- Up-to-date: /home/suvi/zbot_ws/install/zbot_description/share/zbot_description/worlds/Empty.world
-- Up-to-date: /home/suvi/zbot_ws/install/zbot_description/share/ament_index/resource_index/package_run_dependencies/zbot_description
-- Up-to-date: /home/suvi/zbot_ws/install/zbot_description/share/ament_index/resource_index/parent_prefix_path/zbot_description
-- Up-to-date: /home/suvi/zbot_ws/install/zbot_description/share/zbot_description/environment/ament_prefix_path.sh
-- Up-to-date: /home/suvi/zbot_ws/install/zbot_description/share/zbot_description/environment/ament_prefix_path.dsv
-- Up-to-date: /home/suvi/zbot_ws/install/zbot_description/share/zbot_description/environment/path.sh
-- Up-to-date: /home/suvi/zbot_ws/install/zbot_description/share/zbot_description/environment/path.dsv
-- Up-to-date: /home/suvi/zbot_ws/install/zbot_description/share/zbot_description/local_setup.bash
-- Up-to-date: /home/suvi/zbot_ws/install/zbot_description/share/zbot_description/local_setup.sh
-- Up-to-date: /home/suvi/zbot_ws/install/zbot_description/share/zbot_description/local_setup.zsh
-- Up-to-date: /home/suvi/zbot_ws/install/zbot_description/share/zbot_description/local_setup.dsv
-- Installing: /home/suvi/zbot_ws/install/zbot_description/share/zbot_description/package.dsv
-- Up-to-date: /home/suvi/zbot_ws/install/zbot_description/share/ament_index/resource_index/packages/zbot_description
-- Up-to-date: /home/suvi/zbot_ws/install/zbot_description/share/zbot_description/cmake/zbot_descriptionConfig.cmake
-- Up-to-date: /home/suvi/zbot_ws/install/zbot_description/share/zbot_description/cmake/zbot_descriptionConfig-version.cmake
-- Up-to-date: /home/suvi/zbot_ws/install/zbot_description/share/zbot_description/package.xml
