[0.008s] Invoking command in '/home/suvi/zbot_ws/build/zbot_control': CMAKE_PREFIX_PATH=${CMAKE_PREFIX_PATH}:/opt/ros/humble /usr/bin/cmake --build /home/suvi/zbot_ws/build/zbot_control -- -j12 -l12
[0.044s] Invoked command in '/home/suvi/zbot_ws/build/zbot_control' returned '0': CMAKE_PREFIX_PATH=${CMAKE_PREFIX_PATH}:/opt/ros/humble /usr/bin/cmake --build /home/suvi/zbot_ws/build/zbot_control -- -j12 -l12
[0.045s] Invoking command in '/home/suvi/zbot_ws/build/zbot_control': CMAKE_PREFIX_PATH=${CMAKE_PREFIX_PATH}:/opt/ros/humble /usr/bin/cmake --install /home/suvi/zbot_ws/build/zbot_control
[0.050s] -- Install configuration: ""
[0.050s] -- Up-to-date: /home/suvi/zbot_ws/install/zbot_control/share/zbot_control/urdf
[0.050s] -- Up-to-date: /home/suvi/zbot_ws/install/zbot_control/share/zbot_control/urdf/zbot_control.urdf.xacro
[0.050s] -- Up-to-date: /home/suvi/zbot_ws/install/zbot_control/share/zbot_control/urdf/ros2_control.xacro
[0.050s] -- Up-to-date: /home/suvi/zbot_ws/install/zbot_control/share/zbot_control/launch
[0.050s] -- Up-to-date: /home/suvi/zbot_ws/install/zbot_control/share/zbot_control/launch/gazebo.launch.py
[0.050s] -- Up-to-date: /home/suvi/zbot_ws/install/zbot_control/share/zbot_control/config
[0.050s] -- Up-to-date: /home/suvi/zbot_ws/install/zbot_control/share/zbot_control/config/ros2_controllers.yaml
[0.050s] -- Up-to-date: /home/suvi/zbot_ws/install/zbot_control/share/ament_index/resource_index/package_run_dependencies/zbot_control
[0.050s] -- Up-to-date: /home/suvi/zbot_ws/install/zbot_control/share/ament_index/resource_index/parent_prefix_path/zbot_control
[0.050s] -- Up-to-date: /home/suvi/zbot_ws/install/zbot_control/share/zbot_control/environment/ament_prefix_path.sh
[0.050s] -- Up-to-date: /home/suvi/zbot_ws/install/zbot_control/share/zbot_control/environment/ament_prefix_path.dsv
[0.050s] -- Up-to-date: /home/suvi/zbot_ws/install/zbot_control/share/zbot_control/environment/path.sh
[0.050s] -- Up-to-date: /home/suvi/zbot_ws/install/zbot_control/share/zbot_control/environment/path.dsv
[0.050s] -- Up-to-date: /home/suvi/zbot_ws/install/zbot_control/share/zbot_control/local_setup.bash
[0.050s] -- Up-to-date: /home/suvi/zbot_ws/install/zbot_control/share/zbot_control/local_setup.sh
[0.050s] -- Up-to-date: /home/suvi/zbot_ws/install/zbot_control/share/zbot_control/local_setup.zsh
[0.050s] -- Up-to-date: /home/suvi/zbot_ws/install/zbot_control/share/zbot_control/local_setup.dsv
[0.051s] -- Installing: /home/suvi/zbot_ws/install/zbot_control/share/zbot_control/package.dsv
[0.051s] -- Up-to-date: /home/suvi/zbot_ws/install/zbot_control/share/ament_index/resource_index/packages/zbot_control
[0.051s] -- Up-to-date: /home/suvi/zbot_ws/install/zbot_control/share/zbot_control/cmake/zbot_controlConfig.cmake
[0.051s] -- Up-to-date: /home/suvi/zbot_ws/install/zbot_control/share/zbot_control/cmake/zbot_controlConfig-version.cmake
[0.051s] -- Up-to-date: /home/suvi/zbot_ws/install/zbot_control/share/zbot_control/package.xml
[0.061s] Invoked command in '/home/suvi/zbot_ws/build/zbot_control' returned '0': CMAKE_PREFIX_PATH=${CMAKE_PREFIX_PATH}:/opt/ros/humble /usr/bin/cmake --install /home/suvi/zbot_ws/build/zbot_control
