[0.007s] Invoking command in '/home/suvi/zbot_ws/build/zbot_description': CMAKE_PREFIX_PATH=/opt/ros/humble /usr/bin/cmake /home/suvi/zbot_ws/src/zbot_description -DCMAKE_INSTALL_PREFIX=/home/suvi/zbot_ws/install/zbot_description
[0.158s] -- The C compiler identification is GNU 11.4.0
[0.224s] -- The CXX compiler identification is GNU 11.4.0
[0.230s] -- Detecting C compiler ABI info
[0.280s] -- Detecting C compiler ABI info - done
[0.287s] -- Check for working C compiler: /usr/bin/cc - skipped
[0.287s] -- Detecting C compile features
[0.287s] -- Detecting C compile features - done
[0.290s] -- Detecting CXX compiler ABI info
[0.351s] -- Detecting CXX compiler ABI info - done
[0.356s] -- Check for working CXX compiler: /usr/bin/c++ - skipped
[0.356s] -- Detecting CXX compile features
[0.356s] -- Detecting CXX compile features - done
[0.358s] -- Found ament_cmake: 1.3.12 (/opt/ros/humble/share/ament_cmake/cmake)
[0.767s] -- Found Python3: /usr/bin/python3 (found version "3.10.12") found components: Interpreter 
[0.889s] -- Found ament_lint_auto: 0.12.14 (/opt/ros/humble/share/ament_lint_auto/cmake)
[0.958s] -- Added test 'flake8' to check Python code syntax and style conventions
[0.959s] -- Added test 'lint_cmake' to check CMake code style
[0.959s] -- Added test 'pep257' to check Python code against some of the docstring style conventions in PEP 257
[0.960s] -- Added test 'xmllint' to check XML markup files
[0.961s] -- Configuring done
[0.962s] -- Generating done
[0.963s] -- Build files have been written to: /home/suvi/zbot_ws/build/zbot_description
[0.967s] Invoked command in '/home/suvi/zbot_ws/build/zbot_description' returned '0': CMAKE_PREFIX_PATH=/opt/ros/humble /usr/bin/cmake /home/suvi/zbot_ws/src/zbot_description -DCMAKE_INSTALL_PREFIX=/home/suvi/zbot_ws/install/zbot_description
[0.968s] Invoking command in '/home/suvi/zbot_ws/build/zbot_description': CMAKE_PREFIX_PATH=/opt/ros/humble /usr/bin/cmake --build /home/suvi/zbot_ws/build/zbot_description -- -j12 -l12
[1.005s] Invoked command in '/home/suvi/zbot_ws/build/zbot_description' returned '0': CMAKE_PREFIX_PATH=/opt/ros/humble /usr/bin/cmake --build /home/suvi/zbot_ws/build/zbot_description -- -j12 -l12
[1.006s] Invoking command in '/home/suvi/zbot_ws/build/zbot_description': CMAKE_PREFIX_PATH=/opt/ros/humble /usr/bin/cmake --install /home/suvi/zbot_ws/build/zbot_description
[1.011s] -- Install configuration: ""
[1.011s] -- Installing: /home/suvi/zbot_ws/install/zbot_description/share/zbot_description/urdf
[1.011s] -- Installing: /home/suvi/zbot_ws/install/zbot_description/share/zbot_description/urdf/zbot_base.urdf.xacro
[1.011s] -- Installing: /home/suvi/zbot_ws/install/zbot_description/share/zbot_description/urdf/zbot.urdf.xacro
[1.011s] -- Installing: /home/suvi/zbot_ws/install/zbot_description/share/zbot_description/urdf/zbot_arms_torso.xacro
[1.011s] -- Installing: /home/suvi/zbot_ws/install/zbot_description/share/zbot_description/urdf/zbot_arms_torso (copy).xacro
[1.012s] -- Installing: /home/suvi/zbot_ws/install/zbot_description/share/zbot_description/meshes
[1.012s] -- Installing: /home/suvi/zbot_ws/install/zbot_description/share/zbot_description/meshes/LSR_link.STL
[1.017s] -- Installing: /home/suvi/zbot_ws/install/zbot_description/share/zbot_description/meshes/wheel1_Link.STL
[1.017s] -- Installing: /home/suvi/zbot_ws/install/zbot_description/share/zbot_description/meshes/RWP_link.STL
[1.017s] -- Installing: /home/suvi/zbot_ws/install/zbot_description/share/zbot_description/meshes/LSP_link.STL
[1.021s] -- Installing: /home/suvi/zbot_ws/install/zbot_description/share/zbot_description/meshes/RSP_link.STL
[1.025s] -- Installing: /home/suvi/zbot_ws/install/zbot_description/share/zbot_description/meshes/RGRF_link.STL
[1.025s] -- Installing: /home/suvi/zbot_ws/install/zbot_description/share/zbot_description/meshes/RWR_link.STL
[1.026s] -- Installing: /home/suvi/zbot_ws/install/zbot_description/share/zbot_description/meshes/wheel2_Link.STL
[1.026s] -- Installing: /home/suvi/zbot_ws/install/zbot_description/share/zbot_description/meshes/holder2_Link.STL
[1.026s] -- Installing: /home/suvi/zbot_ws/install/zbot_description/share/zbot_description/meshes/holder4_Link.STL
[1.026s] -- Installing: /home/suvi/zbot_ws/install/zbot_description/share/zbot_description/meshes/RSY_link.STL
[1.026s] -- Installing: /home/suvi/zbot_ws/install/zbot_description/share/zbot_description/meshes/wheel4_Link.STL
[1.026s] -- Installing: /home/suvi/zbot_ws/install/zbot_description/share/zbot_description/meshes/REP_link.STL
[1.027s] -- Installing: /home/suvi/zbot_ws/install/zbot_description/share/zbot_description/meshes/LEP_link.STL
[1.028s] -- Installing: /home/suvi/zbot_ws/install/zbot_description/share/zbot_description/meshes/T2LS_link.STL
[1.032s] -- Installing: /home/suvi/zbot_ws/install/zbot_description/share/zbot_description/meshes/LGRF_link.STL
[1.032s] -- Installing: /home/suvi/zbot_ws/install/zbot_description/share/zbot_description/meshes/LWP_link.STL
[1.033s] -- Installing: /home/suvi/zbot_ws/install/zbot_description/share/zbot_description/meshes/holder1_Link.STL
[1.033s] -- Installing: /home/suvi/zbot_ws/install/zbot_description/share/zbot_description/meshes/LWY_link.STL
[1.036s] -- Installing: /home/suvi/zbot_ws/install/zbot_description/share/zbot_description/meshes/RSR_link.STL
[1.041s] -- Installing: /home/suvi/zbot_ws/install/zbot_description/share/zbot_description/meshes/T2RS_link.STL
[1.045s] -- Installing: /home/suvi/zbot_ws/install/zbot_description/share/zbot_description/meshes/Left_wheel_link.STL
[1.045s] -- Installing: /home/suvi/zbot_ws/install/zbot_description/share/zbot_description/meshes/RGLF_link.STL
[1.045s] -- Installing: /home/suvi/zbot_ws/install/zbot_description/share/zbot_description/meshes/holder3_Link.STL
[1.045s] -- Installing: /home/suvi/zbot_ws/install/zbot_description/share/zbot_description/meshes/LGLF_link.STL
[1.045s] -- Installing: /home/suvi/zbot_ws/install/zbot_description/share/zbot_description/meshes/torso_link.STL
[1.045s] -- Installing: /home/suvi/zbot_ws/install/zbot_description/share/zbot_description/meshes/LSY_link.STL
[1.045s] -- Installing: /home/suvi/zbot_ws/install/zbot_description/share/zbot_description/meshes/chassis_link.STL
[1.047s] -- Installing: /home/suvi/zbot_ws/install/zbot_description/share/zbot_description/meshes/Right_wheel_link.STL
[1.047s] -- Installing: /home/suvi/zbot_ws/install/zbot_description/share/zbot_description/meshes/RWY_link.STL
[1.050s] -- Installing: /home/suvi/zbot_ws/install/zbot_description/share/zbot_description/meshes/wheel3_Link.STL
[1.050s] -- Installing: /home/suvi/zbot_ws/install/zbot_description/share/zbot_description/meshes/LWR_link.STL
[1.051s] -- Installing: /home/suvi/zbot_ws/install/zbot_description/share/zbot_description/launch
[1.051s] -- Installing: /home/suvi/zbot_ws/install/zbot_description/share/zbot_description/launch/gazebo.launch.py
[1.051s] -- Installing: /home/suvi/zbot_ws/install/zbot_description/share/zbot_description/rviz
[1.051s] -- Installing: /home/suvi/zbot_ws/install/zbot_description/share/zbot_description/rviz/zbot.rviz
[1.051s] -- Installing: /home/suvi/zbot_ws/install/zbot_description/share/zbot_description/worlds
[1.051s] -- Installing: /home/suvi/zbot_ws/install/zbot_description/share/zbot_description/worlds/Empty.world
[1.051s] -- Installing: /home/suvi/zbot_ws/install/zbot_description/share/ament_index/resource_index/package_run_dependencies/zbot_description
[1.051s] -- Installing: /home/suvi/zbot_ws/install/zbot_description/share/ament_index/resource_index/parent_prefix_path/zbot_description
[1.051s] -- Installing: /home/suvi/zbot_ws/install/zbot_description/share/zbot_description/environment/ament_prefix_path.sh
[1.051s] -- Installing: /home/suvi/zbot_ws/install/zbot_description/share/zbot_description/environment/ament_prefix_path.dsv
[1.051s] -- Installing: /home/suvi/zbot_ws/install/zbot_description/share/zbot_description/environment/path.sh
[1.051s] -- Installing: /home/suvi/zbot_ws/install/zbot_description/share/zbot_description/environment/path.dsv
[1.051s] -- Installing: /home/suvi/zbot_ws/install/zbot_description/share/zbot_description/local_setup.bash
[1.051s] -- Installing: /home/suvi/zbot_ws/install/zbot_description/share/zbot_description/local_setup.sh
[1.051s] -- Installing: /home/suvi/zbot_ws/install/zbot_description/share/zbot_description/local_setup.zsh
[1.051s] -- Installing: /home/suvi/zbot_ws/install/zbot_description/share/zbot_description/local_setup.dsv
[1.051s] -- Installing: /home/suvi/zbot_ws/install/zbot_description/share/zbot_description/package.dsv
[1.051s] -- Installing: /home/suvi/zbot_ws/install/zbot_description/share/ament_index/resource_index/packages/zbot_description
[1.051s] -- Installing: /home/suvi/zbot_ws/install/zbot_description/share/zbot_description/cmake/zbot_descriptionConfig.cmake
[1.051s] -- Installing: /home/suvi/zbot_ws/install/zbot_description/share/zbot_description/cmake/zbot_descriptionConfig-version.cmake
[1.051s] -- Installing: /home/suvi/zbot_ws/install/zbot_description/share/zbot_description/package.xml
[1.053s] Invoked command in '/home/suvi/zbot_ws/build/zbot_description' returned '0': CMAKE_PREFIX_PATH=/opt/ros/humble /usr/bin/cmake --install /home/suvi/zbot_ws/build/zbot_description
